2020-07-06 23:50:28,882 INFO com.nordea.assessment.NordeaAssessmentApplication [main] Starting NordeaAssessmentApplication on LAPTOP-L8AJCC91 with PID 26104 (D:\Prabhu\STSWorkspace\NordeaAssessment\target\classes started by Prabhu Sahu in D:\Prabhu\STSWorkspace\NordeaAssessment)
2020-07-06 23:50:28,885 DEBUG com.nordea.assessment.NordeaAssessmentApplication [main] Running with Spring Boot v2.3.1.RELEASE, Spring v5.2.7.RELEASE
2020-07-06 23:50:28,886 INFO com.nordea.assessment.NordeaAssessmentApplication [main] No active profile set, falling back to default profiles: default
2020-07-06 23:50:33,083 INFO com.nordea.assessment.config.BatchConfig [main] Stated reading XML file
2020-07-06 23:50:33,099 INFO com.nordea.assessment.utility.XMLValidator [main] resource------------------------------------------------------------file:/D:/Prabhu/STSWorkspace/NordeaAssessment/target/classes/pain.001.001.08.xsd
2020-07-06 23:50:33,233 INFO com.nordea.assessment.utility.XMLValidator [main] resource------------------------------------------------------------file:/D:/Prabhu/STSWorkspace/NordeaAssessment/target/classes/pain.001.valid.xml
2020-07-06 23:50:33,859 INFO com.nordea.assessment.config.BatchConfig [main] isValid@@@@@@@@@@@@@@@@@@@@@@@@@@@@@@@@@@@@@>false
2020-07-06 23:50:33,859 INFO com.nordea.assessment.config.BatchConfig [main] Invalid XML@@@@@@@@@@@@@@@@@@@@@@@@@@@@@@@@@@@@@@@@@@@@@@
2020-07-06 23:50:33,860 INFO com.nordea.assessment.config.BatchConfig [main] this.xmlReaderJobExecution@@@@@@@@@@@@@@@@@@@@@@@@@@@@@@@@@@@@@@@@@@@@@@null
2020-07-06 23:50:33,863 INFO com.nordea.assessment.config.BatchConfig [main] Excuting xmmlReaderStep1
2020-07-06 23:50:33,967 ERROR org.springframework.boot.SpringApplication [main] Application run failed
org.springframework.beans.factory.BeanCreationException: Error creating bean with name 'xmmlReaderStep1' defined in class path resource [com/nordea/assessment/config/BatchConfig.class]: Bean instantiation via factory method failed; nested exception is org.springframework.beans.BeanInstantiationException: Failed to instantiate [org.springframework.batch.core.Step]: Factory method 'xmmlReaderStep1' threw exception; nested exception is java.lang.IllegalStateException: ItemReader must be provided
	at org.springframework.beans.factory.support.ConstructorResolver.instantiate(ConstructorResolver.java:655)
	at org.springframework.beans.factory.support.ConstructorResolver.instantiateUsingFactoryMethod(ConstructorResolver.java:483)
	at org.springframework.beans.factory.support.AbstractAutowireCapableBeanFactory.instantiateUsingFactoryMethod(AbstractAutowireCapableBeanFactory.java:1338)
	at org.springframework.beans.factory.support.AbstractAutowireCapableBeanFactory.createBeanInstance(AbstractAutowireCapableBeanFactory.java:1177)
	at org.springframework.beans.factory.support.AbstractAutowireCapableBeanFactory.doCreateBean(AbstractAutowireCapableBeanFactory.java:557)
	at org.springframework.beans.factory.support.AbstractAutowireCapableBeanFactory.createBean(AbstractAutowireCapableBeanFactory.java:517)
	at org.springframework.beans.factory.support.AbstractBeanFactory.lambda$doGetBean$0(AbstractBeanFactory.java:323)
	at org.springframework.beans.factory.support.DefaultSingletonBeanRegistry.getSingleton(DefaultSingletonBeanRegistry.java:226)
	at org.springframework.beans.factory.support.AbstractBeanFactory.doGetBean(AbstractBeanFactory.java:321)
	at org.springframework.beans.factory.support.AbstractBeanFactory.getBean(AbstractBeanFactory.java:202)
	at org.springframework.beans.factory.support.DefaultListableBeanFactory.preInstantiateSingletons(DefaultListableBeanFactory.java:893)
	at org.springframework.context.support.AbstractApplicationContext.finishBeanFactoryInitialization(AbstractApplicationContext.java:879)
	at org.springframework.context.support.AbstractApplicationContext.refresh(AbstractApplicationContext.java:551)
	at org.springframework.boot.web.servlet.context.ServletWebServerApplicationContext.refresh(ServletWebServerApplicationContext.java:143)
	at org.springframework.boot.SpringApplication.refresh(SpringApplication.java:758)
	at org.springframework.boot.SpringApplication.refresh(SpringApplication.java:750)
	at org.springframework.boot.SpringApplication.refreshContext(SpringApplication.java:397)
	at org.springframework.boot.SpringApplication.run(SpringApplication.java:315)
	at org.springframework.boot.SpringApplication.run(SpringApplication.java:1237)
	at org.springframework.boot.SpringApplication.run(SpringApplication.java:1226)
	at com.nordea.assessment.NordeaAssessmentApplication.main(NordeaAssessmentApplication.java:16)
Caused by: org.springframework.beans.BeanInstantiationException: Failed to instantiate [org.springframework.batch.core.Step]: Factory method 'xmmlReaderStep1' threw exception; nested exception is java.lang.IllegalStateException: ItemReader must be provided
	at org.springframework.beans.factory.support.SimpleInstantiationStrategy.instantiate(SimpleInstantiationStrategy.java:185)
	at org.springframework.beans.factory.support.ConstructorResolver.instantiate(ConstructorResolver.java:650)
	... 20 common frames omitted
Caused by: java.lang.IllegalStateException: ItemReader must be provided
	at org.springframework.util.Assert.state(Assert.java:73)
	at org.springframework.batch.core.step.builder.SimpleStepBuilder.createTasklet(SimpleStepBuilder.java:159)
	at org.springframework.batch.core.step.builder.AbstractTaskletStepBuilder.build(AbstractTaskletStepBuilder.java:113)
	at org.springframework.batch.core.step.builder.SimpleStepBuilder.build(SimpleStepBuilder.java:132)
	at com.nordea.assessment.config.BatchConfig.xmmlReaderStep1(BatchConfig.java:128)
	at com.nordea.assessment.config.BatchConfig$$EnhancerBySpringCGLIB$$a8378b49.CGLIB$xmmlReaderStep1$3(<generated>)
	at com.nordea.assessment.config.BatchConfig$$EnhancerBySpringCGLIB$$a8378b49$$FastClassBySpringCGLIB$$82938899.invoke(<generated>)
	at org.springframework.cglib.proxy.MethodProxy.invokeSuper(MethodProxy.java:244)
	at org.springframework.context.annotation.ConfigurationClassEnhancer$BeanMethodInterceptor.intercept(ConfigurationClassEnhancer.java:331)
	at com.nordea.assessment.config.BatchConfig$$EnhancerBySpringCGLIB$$a8378b49.xmmlReaderStep1(<generated>)
	at sun.reflect.NativeMethodAccessorImpl.invoke0(Native Method)
	at sun.reflect.NativeMethodAccessorImpl.invoke(Unknown Source)
	at sun.reflect.DelegatingMethodAccessorImpl.invoke(Unknown Source)
	at java.lang.reflect.Method.invoke(Unknown Source)
	at org.springframework.beans.factory.support.SimpleInstantiationStrategy.instantiate(SimpleInstantiationStrategy.java:154)
	... 21 common frames omitted
